GAS LISTING C:\Users\OSZKR~1\AppData\Local\Temp/ccokWgt6.s 			page 1


   1               		.file	"led_disco.c"
   2               	__SREG__ = 0x3f
   3               	__SP_H__ = 0x3e
   4               	__SP_L__ = 0x3d
   5               	__CCP__  = 0x34
   6               	__tmp_reg__ = 0
   7               	__zero_reg__ = 1
   8               		.section	.debug_abbrev,"",@progbits
   9               	.Ldebug_abbrev0:
  10               		.section	.debug_info,"",@progbits
  11               	.Ldebug_info0:
  12               		.section	.debug_line,"",@progbits
  13               	.Ldebug_line0:
  14               		.text
  15               	.Ltext0:
  16               	.global	sleep_seconds
  17               		.type	sleep_seconds, @function
  18               	sleep_seconds:
  19               	.LFB4:
  20               	.LM1:
  21               	.LVL0:
  22 0000 EF92      		push r14
  23 0002 FF92      		push r15
  24 0004 0F93      		push r16
  25 0006 1F93      		push r17
  26 0008 CF93      		push r28
  27 000a DF93      		push r29
  28               	/* prologue: function */
  29               	/* frame size = 0 */
  30               	.LM2:
  31 000c 23E5      		ldi r18,lo8(0x37690453)
  32 000e 34E0      		ldi r19,hi8(0x37690453)
  33 0010 49E6      		ldi r20,hlo8(0x37690453)
  34 0012 57E3      		ldi r21,hhi8(0x37690453)
  35 0014 00D0      		rcall __divsf3
  36               	.LVL1:
  37 0016 20E0      		ldi r18,lo8(0x437f0000)
  38 0018 30E0      		ldi r19,hi8(0x437f0000)
  39 001a 4FE7      		ldi r20,hlo8(0x437f0000)
  40 001c 53E4      		ldi r21,hhi8(0x437f0000)
  41 001e 00D0      		rcall __divsf3
  42 0020 7B01      		movw r14,r22
  43 0022 8C01      		movw r16,r24
  44               	.LVL2:
  45               	.LM3:
  46 0024 20E0      		ldi r18,lo8(0x3f800000)
  47 0026 30E0      		ldi r19,hi8(0x3f800000)
  48 0028 40E8      		ldi r20,hlo8(0x3f800000)
  49 002a 5FE3      		ldi r21,hhi8(0x3f800000)
  50 002c 00D0      		rcall __gtsf2
  51 002e 1816      		cp __zero_reg__,r24
  52 0030 04F4      		brge .L2
  53 0032 C0E0      		ldi r28,lo8(0)
  54 0034 D0E0      		ldi r29,hi8(0)
  55               	.LVL3:
  56 0036 00C0      		rjmp .L4
  57               	.LVL4:
GAS LISTING C:\Users\OSZKR~1\AppData\Local\Temp/ccokWgt6.s 			page 2


  58               	.L5:
  59               	.LBB2:
  60               	.LM4:
  61 0038 8FEF      		ldi r24,lo8(-1)
  62 003a 00D0      		rcall Sleep
  63               	.LM5:
  64 003c 2196      		adiw r28,1
  65               	.LVL5:
  66               	.L4:
  67 003e BE01      		movw r22,r28
  68 0040 8827      		clr r24
  69 0042 77FD      		sbrc r23,7
  70 0044 8095      		com r24
  71 0046 982F      		mov r25,r24
  72               	.LVL6:
  73 0048 00D0      		rcall __floatsisf
  74               	.LVL7:
  75 004a A801      		movw r20,r16
  76 004c 9701      		movw r18,r14
  77 004e 00D0      		rcall __lesf2
  78 0050 1816      		cp __zero_reg__,r24
  79 0052 04F4      		brge .L5
  80               	.L2:
  81               	.LBE2:
  82               	.LM6:
  83 0054 C801      		movw r24,r16
  84 0056 B701      		movw r22,r14
  85 0058 00D0      		rcall floor
  86 005a 9B01      		movw r18,r22
  87 005c AC01      		movw r20,r24
  88               	.LM7:
  89 005e C801      		movw r24,r16
  90 0060 B701      		movw r22,r14
  91 0062 00D0      		rcall __subsf3
  92 0064 20E0      		ldi r18,lo8(0x437f0000)
  93 0066 30E0      		ldi r19,hi8(0x437f0000)
  94 0068 4FE7      		ldi r20,hlo8(0x437f0000)
  95 006a 53E4      		ldi r21,hhi8(0x437f0000)
  96 006c 00D0      		rcall __mulsf3
  97 006e 00D0      		rcall __fixunssfsi
  98 0070 DC01      		movw r26,r24
  99 0072 CB01      		movw r24,r22
 100 0074 00D0      		rcall Sleep
 101               	/* epilogue start */
 102               	.LM8:
 103 0076 DF91      		pop r29
 104 0078 CF91      		pop r28
 105 007a 1F91      		pop r17
 106 007c 0F91      		pop r16
 107 007e FF90      		pop r15
 108 0080 EF90      		pop r14
 109               	.LVL8:
 110 0082 0895      		ret
 111               	.LFE4:
 112               		.size	sleep_seconds, .-sleep_seconds
 113               	.global	main
 114               		.type	main, @function
GAS LISTING C:\Users\OSZKR~1\AppData\Local\Temp/ccokWgt6.s 			page 3


 115               	main:
 116               	.LFB5:
 117               	.LM9:
 118 0084 6F92      		push r6
 119 0086 7F92      		push r7
 120 0088 8F92      		push r8
 121 008a 9F92      		push r9
 122 008c AF92      		push r10
 123 008e BF92      		push r11
 124 0090 CF92      		push r12
 125 0092 DF92      		push r13
 126 0094 EF92      		push r14
 127 0096 FF92      		push r15
 128 0098 0F93      		push r16
 129 009a 1F93      		push r17
 130 009c DF93      		push r29
 131 009e CF93      		push r28
 132 00a0 CDB7      		in r28,__SP_L__
 133 00a2 DEB7      		in r29,__SP_H__
 134 00a4 2A97      		sbiw r28,10
 135 00a6 0FB6      		in __tmp_reg__,__SREG__
 136 00a8 F894      		cli
 137 00aa DEBF      		out __SP_H__,r29
 138 00ac 0FBE      		out __SREG__,__tmp_reg__
 139 00ae CDBF      		out __SP_L__,r28
 140               	/* prologue: function */
 141               	/* frame size = 10 */
 142               	.LM10:
 143 00b0 00D0      		rcall Init
 144               	.LM11:
 145 00b2 DE01      		movw r26,r28
 146 00b4 1596      		adiw r26,5
 147 00b6 E0E0      		ldi r30,lo8(C.0.1366)
 148 00b8 F0E0      		ldi r31,hi8(C.0.1366)
 149 00ba 83E0      		ldi r24,lo8(3)
 150               	.L9:
 151 00bc 0190      		ld r0,Z+
 152 00be 0D92      		st X+,r0
 153 00c0 8150      		subi r24,lo8(-(-1))
 154 00c2 01F4      		brne .L9
 155               	.LM12:
 156 00c4 DE01      		movw r26,r28
 157 00c6 1896      		adiw r26,8
 158 00c8 E0E0      		ldi r30,lo8(C.1.1367)
 159 00ca F0E0      		ldi r31,hi8(C.1.1367)
 160 00cc 83E0      		ldi r24,lo8(3)
 161               	.L10:
 162 00ce 0190      		ld r0,Z+
 163 00d0 0D92      		st X+,r0
 164 00d2 8150      		subi r24,lo8(-(-1))
 165 00d4 01F4      		brne .L10
 166               	.LM13:
 167 00d6 81E0      		ldi r24,lo8(1)
 168 00d8 8983      		std Y+1,r24
 169 00da 1A82      		std Y+2,__zero_reg__
 170               	.LM14:
 171 00dc 1B82      		std Y+3,__zero_reg__
GAS LISTING C:\Users\OSZKR~1\AppData\Local\Temp/ccokWgt6.s 			page 4


 172 00de 8C83      		std Y+4,r24
 173 00e0 80E0      		ldi r24,lo8(0)
 174 00e2 90E0      		ldi r25,hi8(0)
 175               	.LVL9:
 176               	.LM15:
 177 00e4 45E0      		ldi r20,lo8(5)
 178 00e6 642E      		mov r6,r20
 179 00e8 712C      		mov r7,__zero_reg__
 180 00ea 6C0E      		add r6,r28
 181 00ec 7D1E      		adc r7,r29
 182               	.LM16:
 183 00ee 38E0      		ldi r19,lo8(8)
 184 00f0 832E      		mov r8,r19
 185 00f2 912C      		mov r9,__zero_reg__
 186 00f4 8C0E      		add r8,r28
 187 00f6 9D1E      		adc r9,r29
 188               	.LM17:
 189 00f8 5E01      		movw r10,r28
 190 00fa 0894      		sec
 191 00fc A11C      		adc r10,__zero_reg__
 192 00fe B11C      		adc r11,__zero_reg__
 193 0100 23E0      		ldi r18,lo8(3)
 194 0102 C22E      		mov r12,r18
 195 0104 D12C      		mov r13,__zero_reg__
 196 0106 CC0E      		add r12,r28
 197 0108 DD1E      		adc r13,r29
 198               	.LVL10:
 199               	.L12:
 200               	.LM18:
 201 010a 7C01      		movw r14,r24
 202               	.LVL11:
 203               	.L11:
 204               	.LM19:
 205 010c C701      		movw r24,r14
 206 010e 63E0      		ldi r22,lo8(3)
 207 0110 70E0      		ldi r23,hi8(3)
 208 0112 00D0      		rcall __divmodhi4
 209 0114 8C01      		movw r16,r24
 210 0116 F301      		movw r30,r6
 211 0118 E80F      		add r30,r24
 212 011a F91F      		adc r31,r25
 213 011c 8081      		ld r24,Z
 214 011e 00D0      		rcall StatusLED
 215               	.LM20:
 216 0120 080D      		add r16,r8
 217 0122 191D      		adc r17,r9
 218 0124 F801      		movw r30,r16
 219 0126 8081      		ld r24,Z
 220 0128 00D0      		rcall FrontLED
 221               	.LM21:
 222 012a F701      		movw r30,r14
 223 012c E170      		andi r30,lo8(1)
 224 012e F070      		andi r31,hi8(1)
 225 0130 D501      		movw r26,r10
 226 0132 AE0F      		add r26,r30
 227 0134 BF1F      		adc r27,r31
 228 0136 EC0D      		add r30,r12
GAS LISTING C:\Users\OSZKR~1\AppData\Local\Temp/ccokWgt6.s 			page 5


 229 0138 FD1D      		adc r31,r13
 230 013a 8C91      		ld r24,X
 231 013c 6081      		ld r22,Z
 232 013e 00D0      		rcall BackLED
 233               	.LM22:
 234 0140 60E0      		ldi r22,lo8(0x3f000000)
 235 0142 70E0      		ldi r23,hi8(0x3f000000)
 236 0144 80E0      		ldi r24,hlo8(0x3f000000)
 237 0146 9FE3      		ldi r25,hhi8(0x3f000000)
 238 0148 00D0      		rcall sleep_seconds
 239               	.LM23:
 240 014a C701      		movw r24,r14
 241 014c 0196      		adiw r24,1
 242               	.LVL12:
 243 014e EE24      		clr r14
 244 0150 FF24      		clr r15
 245               	.LVL13:
 246               	.LM24:
 247 0152 FFE7      		ldi r31,hi8(32767)
 248 0154 8F3F      		cpi r24,lo8(32767)
 249 0156 9F07      		cpc r25,r31
 250 0158 01F4      		brne .L12
 251               	.LVL14:
 252 015a 00C0      		rjmp .L11
 253               	.LFE5:
 254               		.size	main, .-main
 255               		.data
 256               		.type	C.1.1367, @object
 257               		.size	C.1.1367, 3
 258               	C.1.1367:
 259 0000 01        		.byte	1
 260 0001 01        		.byte	1
 261 0002 00        		.byte	0
 262               		.type	C.0.1366, @object
 263               		.size	C.0.1366, 3
 264               	C.0.1366:
 265 0003 01        		.byte	1
 266 0004 03        		.byte	3
 267 0005 02        		.byte	2
 268               		.section	.debug_frame,"",@progbits
 269               	.Lframe0:
 270 0000 0C00 0000 		.long	.LECIE0-.LSCIE0
 271               	.LSCIE0:
 272 0004 FFFF FFFF 		.long	0xffffffff
 273 0008 01        		.byte	0x1
 274 0009 00        		.string	""
 275 000a 01        		.uleb128 0x1
 276 000b 7F        		.sleb128 -1
 277 000c 24        		.byte	0x24
 278 000d 0C        		.byte	0xc
 279 000e 20        		.uleb128 0x20
 280 000f 00        		.uleb128 0x0
 281               		.p2align	2
 282               	.LECIE0:
 283               	.LSFDE0:
 284 0010 0C00 0000 		.long	.LEFDE0-.LASFDE0
 285               	.LASFDE0:
GAS LISTING C:\Users\OSZKR~1\AppData\Local\Temp/ccokWgt6.s 			page 6


 286 0014 0000 0000 		.long	.Lframe0
 287 0018 0000 0000 		.long	.LFB4
 288 001c 8400 0000 		.long	.LFE4-.LFB4
 289               		.p2align	2
 290               	.LEFDE0:
 291               	.LSFDE2:
 292 0020 0C00 0000 		.long	.LEFDE2-.LASFDE2
 293               	.LASFDE2:
 294 0024 0000 0000 		.long	.Lframe0
 295 0028 0000 0000 		.long	.LFB5
 296 002c D800 0000 		.long	.LFE5-.LFB5
 297               		.p2align	2
 298               	.LEFDE2:
 299               		.text
 300               	.Letext0:
 301               		.section	.debug_loc,"",@progbits
 302               	.Ldebug_loc0:
 303               	.LLST1:
 304 0000 0000 0000 		.long	.LVL0-.Ltext0
 305 0004 1600 0000 		.long	.LVL1-.Ltext0
 306 0008 0C00      		.word	0xc
 307 000a 66        		.byte	0x66
 308 000b 93        		.byte	0x93
 309 000c 01        		.uleb128 0x1
 310 000d 67        		.byte	0x67
 311 000e 93        		.byte	0x93
 312 000f 01        		.uleb128 0x1
 313 0010 68        		.byte	0x68
 314 0011 93        		.byte	0x93
 315 0012 01        		.uleb128 0x1
 316 0013 69        		.byte	0x69
 317 0014 93        		.byte	0x93
 318 0015 01        		.uleb128 0x1
 319 0016 0000 0000 		.long	0x0
 320 001a 0000 0000 		.long	0x0
 321               	.LLST2:
 322 001e 2400 0000 		.long	.LVL2-.Ltext0
 323 0022 8200 0000 		.long	.LVL8-.Ltext0
 324 0026 0C00      		.word	0xc
 325 0028 5E        		.byte	0x5e
 326 0029 93        		.byte	0x93
 327 002a 01        		.uleb128 0x1
 328 002b 5F        		.byte	0x5f
 329 002c 93        		.byte	0x93
 330 002d 01        		.uleb128 0x1
 331 002e 60        		.byte	0x60
 332 002f 93        		.byte	0x93
 333 0030 01        		.uleb128 0x1
 334 0031 61        		.byte	0x61
 335 0032 93        		.byte	0x93
 336 0033 01        		.uleb128 0x1
 337 0034 0000 0000 		.long	0x0
 338 0038 0000 0000 		.long	0x0
 339               	.LLST3:
 340 003c 3600 0000 		.long	.LVL3-.Ltext0
 341 0040 3800 0000 		.long	.LVL4-.Ltext0
 342 0044 0600      		.word	0x6
GAS LISTING C:\Users\OSZKR~1\AppData\Local\Temp/ccokWgt6.s 			page 7


 343 0046 6C        		.byte	0x6c
 344 0047 93        		.byte	0x93
 345 0048 01        		.uleb128 0x1
 346 0049 6D        		.byte	0x6d
 347 004a 93        		.byte	0x93
 348 004b 01        		.uleb128 0x1
 349 004c 3E00 0000 		.long	.LVL5-.Ltext0
 350 0050 4800 0000 		.long	.LVL6-.Ltext0
 351 0054 0600      		.word	0x6
 352 0056 6C        		.byte	0x6c
 353 0057 93        		.byte	0x93
 354 0058 01        		.uleb128 0x1
 355 0059 6D        		.byte	0x6d
 356 005a 93        		.byte	0x93
 357 005b 01        		.uleb128 0x1
 358 005c 4800 0000 		.long	.LVL6-.Ltext0
 359 0060 4A00 0000 		.long	.LVL7-.Ltext0
 360 0064 0600      		.word	0x6
 361 0066 66        		.byte	0x66
 362 0067 93        		.byte	0x93
 363 0068 01        		.uleb128 0x1
 364 0069 67        		.byte	0x67
 365 006a 93        		.byte	0x93
 366 006b 01        		.uleb128 0x1
 367 006c 0000 0000 		.long	0x0
 368 0070 0000 0000 		.long	0x0
 369               	.LLST5:
 370 0074 E400 0000 		.long	.LVL9-.Ltext0
 371 0078 0C01 0000 		.long	.LVL11-.Ltext0
 372 007c 0600      		.word	0x6
 373 007e 68        		.byte	0x68
 374 007f 93        		.byte	0x93
 375 0080 01        		.uleb128 0x1
 376 0081 69        		.byte	0x69
 377 0082 93        		.byte	0x93
 378 0083 01        		.uleb128 0x1
 379 0084 0C01 0000 		.long	.LVL11-.Ltext0
 380 0088 4E01 0000 		.long	.LVL12-.Ltext0
 381 008c 0600      		.word	0x6
 382 008e 5E        		.byte	0x5e
 383 008f 93        		.byte	0x93
 384 0090 01        		.uleb128 0x1
 385 0091 5F        		.byte	0x5f
 386 0092 93        		.byte	0x93
 387 0093 01        		.uleb128 0x1
 388 0094 4E01 0000 		.long	.LVL12-.Ltext0
 389 0098 5201 0000 		.long	.LVL13-.Ltext0
 390 009c 0600      		.word	0x6
 391 009e 68        		.byte	0x68
 392 009f 93        		.byte	0x93
 393 00a0 01        		.uleb128 0x1
 394 00a1 69        		.byte	0x69
 395 00a2 93        		.byte	0x93
 396 00a3 01        		.uleb128 0x1
 397 00a4 5201 0000 		.long	.LVL13-.Ltext0
 398 00a8 5A01 0000 		.long	.LVL14-.Ltext0
 399 00ac 0600      		.word	0x6
GAS LISTING C:\Users\OSZKR~1\AppData\Local\Temp/ccokWgt6.s 			page 8


 400 00ae 5E        		.byte	0x5e
 401 00af 93        		.byte	0x93
 402 00b0 01        		.uleb128 0x1
 403 00b1 5F        		.byte	0x5f
 404 00b2 93        		.byte	0x93
 405 00b3 01        		.uleb128 0x1
 406 00b4 5A01 0000 		.long	.LVL14-.Ltext0
 407 00b8 5C01 0000 		.long	.LFE5-.Ltext0
 408 00bc 0600      		.word	0x6
 409 00be 68        		.byte	0x68
 410 00bf 93        		.byte	0x93
 411 00c0 01        		.uleb128 0x1
 412 00c1 69        		.byte	0x69
 413 00c2 93        		.byte	0x93
 414 00c3 01        		.uleb128 0x1
 415 00c4 0000 0000 		.long	0x0
 416 00c8 0000 0000 		.long	0x0
 417               		.section	.debug_info
 418 0000 4801 0000 		.long	0x148
 419 0004 0200      		.word	0x2
 420 0006 0000 0000 		.long	.Ldebug_abbrev0
 421 000a 04        		.byte	0x4
 422 000b 01        		.uleb128 0x1
 423 000c 0000 0000 		.long	.LASF16
 424 0010 01        		.byte	0x1
 425 0011 0000 0000 		.long	.LASF17
 426 0015 0000 0000 		.long	.LASF18
 427 0019 0000 0000 		.long	.Ltext0
 428 001d 0000 0000 		.long	.Letext0
 429 0021 0000 0000 		.long	.Ldebug_line0
 430 0025 02        		.uleb128 0x2
 431 0026 01        		.byte	0x1
 432 0027 06        		.byte	0x6
 433 0028 0000 0000 		.long	.LASF0
 434 002c 02        		.uleb128 0x2
 435 002d 01        		.byte	0x1
 436 002e 08        		.byte	0x8
 437 002f 0000 0000 		.long	.LASF1
 438 0033 03        		.uleb128 0x3
 439 0034 02        		.byte	0x2
 440 0035 05        		.byte	0x5
 441 0036 696E 7400 		.string	"int"
 442 003a 02        		.uleb128 0x2
 443 003b 02        		.byte	0x2
 444 003c 07        		.byte	0x7
 445 003d 0000 0000 		.long	.LASF2
 446 0041 02        		.uleb128 0x2
 447 0042 04        		.byte	0x4
 448 0043 05        		.byte	0x5
 449 0044 0000 0000 		.long	.LASF3
 450 0048 02        		.uleb128 0x2
 451 0049 04        		.byte	0x4
 452 004a 07        		.byte	0x7
 453 004b 0000 0000 		.long	.LASF4
 454 004f 02        		.uleb128 0x2
 455 0050 08        		.byte	0x8
 456 0051 05        		.byte	0x5
GAS LISTING C:\Users\OSZKR~1\AppData\Local\Temp/ccokWgt6.s 			page 9


 457 0052 0000 0000 		.long	.LASF5
 458 0056 02        		.uleb128 0x2
 459 0057 08        		.byte	0x8
 460 0058 07        		.byte	0x7
 461 0059 0000 0000 		.long	.LASF6
 462 005d 04        		.uleb128 0x4
 463 005e 01        		.byte	0x1
 464 005f 0000 0000 		.long	.LASF19
 465 0063 01        		.byte	0x1
 466 0064 0B        		.byte	0xb
 467 0065 01        		.byte	0x1
 468 0066 0000 0000 		.long	.LFB4
 469 006a 0000 0000 		.long	.LFE4
 470 006e 02        		.byte	0x2
 471 006f 90        		.byte	0x90
 472 0070 20        		.uleb128 0x20
 473 0071 C100 0000 		.long	0xc1
 474 0075 05        		.uleb128 0x5
 475 0076 0000 0000 		.long	.LASF20
 476 007a 01        		.byte	0x1
 477 007b 0A        		.byte	0xa
 478 007c C100 0000 		.long	0xc1
 479 0080 0000 0000 		.long	.LLST1
 480 0084 06        		.uleb128 0x6
 481 0085 0000 0000 		.long	.LASF7
 482 0089 01        		.byte	0x1
 483 008a 0C        		.byte	0xc
 484 008b C100 0000 		.long	0xc1
 485 008f 07        		.uleb128 0x7
 486 0090 0000 0000 		.long	.LASF9
 487 0094 01        		.byte	0x1
 488 0095 0D        		.byte	0xd
 489 0096 C100 0000 		.long	0xc1
 490 009a 0000 0000 		.long	.LLST2
 491 009e 06        		.uleb128 0x6
 492 009f 0000 0000 		.long	.LASF8
 493 00a3 01        		.byte	0x1
 494 00a4 17        		.byte	0x17
 495 00a5 2C00 0000 		.long	0x2c
 496 00a9 08        		.uleb128 0x8
 497 00aa 0000 0000 		.long	.LBB2
 498 00ae 0000 0000 		.long	.LBE2
 499 00b2 09        		.uleb128 0x9
 500 00b3 6A00      		.string	"j"
 501 00b5 01        		.byte	0x1
 502 00b6 11        		.byte	0x11
 503 00b7 3300 0000 		.long	0x33
 504 00bb 0000 0000 		.long	.LLST3
 505 00bf 00        		.byte	0x0
 506 00c0 00        		.byte	0x0
 507 00c1 02        		.uleb128 0x2
 508 00c2 04        		.byte	0x4
 509 00c3 04        		.byte	0x4
 510 00c4 0000 0000 		.long	.LASF10
 511 00c8 0A        		.uleb128 0xa
 512 00c9 01        		.byte	0x1
 513 00ca 0000 0000 		.long	.LASF21
GAS LISTING C:\Users\OSZKR~1\AppData\Local\Temp/ccokWgt6.s 			page 10


 514 00ce 01        		.byte	0x1
 515 00cf 1C        		.byte	0x1c
 516 00d0 01        		.byte	0x1
 517 00d1 3300 0000 		.long	0x33
 518 00d5 0000 0000 		.long	.LFB5
 519 00d9 0000 0000 		.long	.LFE5
 520 00dd 02        		.byte	0x2
 521 00de 90        		.byte	0x90
 522 00df 20        		.uleb128 0x20
 523 00e0 2C01 0000 		.long	0x12c
 524 00e4 07        		.uleb128 0x7
 525 00e5 0000 0000 		.long	.LASF11
 526 00e9 01        		.byte	0x1
 527 00ea 1F        		.byte	0x1f
 528 00eb 3300 0000 		.long	0x33
 529 00ef 0000 0000 		.long	.LLST5
 530 00f3 0B        		.uleb128 0xb
 531 00f4 0000 0000 		.long	.LASF12
 532 00f8 01        		.byte	0x1
 533 00f9 21        		.byte	0x21
 534 00fa 2C01 0000 		.long	0x12c
 535 00fe 02        		.byte	0x2
 536 00ff 8C        		.byte	0x8c
 537 0100 05        		.sleb128 5
 538 0101 0B        		.uleb128 0xb
 539 0102 0000 0000 		.long	.LASF13
 540 0106 01        		.byte	0x1
 541 0107 22        		.byte	0x22
 542 0108 2C01 0000 		.long	0x12c
 543 010c 02        		.byte	0x2
 544 010d 8C        		.byte	0x8c
 545 010e 08        		.sleb128 8
 546 010f 0B        		.uleb128 0xb
 547 0110 0000 0000 		.long	.LASF14
 548 0114 01        		.byte	0x1
 549 0115 23        		.byte	0x23
 550 0116 3F01 0000 		.long	0x13f
 551 011a 02        		.byte	0x2
 552 011b 8C        		.byte	0x8c
 553 011c 01        		.sleb128 1
 554 011d 0B        		.uleb128 0xb
 555 011e 0000 0000 		.long	.LASF15
 556 0122 01        		.byte	0x1
 557 0123 24        		.byte	0x24
 558 0124 3F01 0000 		.long	0x13f
 559 0128 02        		.byte	0x2
 560 0129 8C        		.byte	0x8c
 561 012a 03        		.sleb128 3
 562 012b 00        		.byte	0x0
 563 012c 0C        		.uleb128 0xc
 564 012d 2C00 0000 		.long	0x2c
 565 0131 3C01 0000 		.long	0x13c
 566 0135 0D        		.uleb128 0xd
 567 0136 3C01 0000 		.long	0x13c
 568 013a 02        		.byte	0x2
 569 013b 00        		.byte	0x0
 570 013c 0E        		.uleb128 0xe
GAS LISTING C:\Users\OSZKR~1\AppData\Local\Temp/ccokWgt6.s 			page 11


 571 013d 02        		.byte	0x2
 572 013e 07        		.byte	0x7
 573 013f 0F        		.uleb128 0xf
 574 0140 2C00 0000 		.long	0x2c
 575 0144 0D        		.uleb128 0xd
 576 0145 3C01 0000 		.long	0x13c
 577 0149 01        		.byte	0x1
 578 014a 00        		.byte	0x0
 579 014b 00        		.byte	0x0
 580               		.section	.debug_abbrev
 581 0000 01        		.uleb128 0x1
 582 0001 11        		.uleb128 0x11
 583 0002 01        		.byte	0x1
 584 0003 25        		.uleb128 0x25
 585 0004 0E        		.uleb128 0xe
 586 0005 13        		.uleb128 0x13
 587 0006 0B        		.uleb128 0xb
 588 0007 03        		.uleb128 0x3
 589 0008 0E        		.uleb128 0xe
 590 0009 1B        		.uleb128 0x1b
 591 000a 0E        		.uleb128 0xe
 592 000b 11        		.uleb128 0x11
 593 000c 01        		.uleb128 0x1
 594 000d 12        		.uleb128 0x12
 595 000e 01        		.uleb128 0x1
 596 000f 10        		.uleb128 0x10
 597 0010 06        		.uleb128 0x6
 598 0011 00        		.byte	0x0
 599 0012 00        		.byte	0x0
 600 0013 02        		.uleb128 0x2
 601 0014 24        		.uleb128 0x24
 602 0015 00        		.byte	0x0
 603 0016 0B        		.uleb128 0xb
 604 0017 0B        		.uleb128 0xb
 605 0018 3E        		.uleb128 0x3e
 606 0019 0B        		.uleb128 0xb
 607 001a 03        		.uleb128 0x3
 608 001b 0E        		.uleb128 0xe
 609 001c 00        		.byte	0x0
 610 001d 00        		.byte	0x0
 611 001e 03        		.uleb128 0x3
 612 001f 24        		.uleb128 0x24
 613 0020 00        		.byte	0x0
 614 0021 0B        		.uleb128 0xb
 615 0022 0B        		.uleb128 0xb
 616 0023 3E        		.uleb128 0x3e
 617 0024 0B        		.uleb128 0xb
 618 0025 03        		.uleb128 0x3
 619 0026 08        		.uleb128 0x8
 620 0027 00        		.byte	0x0
 621 0028 00        		.byte	0x0
 622 0029 04        		.uleb128 0x4
 623 002a 2E        		.uleb128 0x2e
 624 002b 01        		.byte	0x1
 625 002c 3F        		.uleb128 0x3f
 626 002d 0C        		.uleb128 0xc
 627 002e 03        		.uleb128 0x3
GAS LISTING C:\Users\OSZKR~1\AppData\Local\Temp/ccokWgt6.s 			page 12


 628 002f 0E        		.uleb128 0xe
 629 0030 3A        		.uleb128 0x3a
 630 0031 0B        		.uleb128 0xb
 631 0032 3B        		.uleb128 0x3b
 632 0033 0B        		.uleb128 0xb
 633 0034 27        		.uleb128 0x27
 634 0035 0C        		.uleb128 0xc
 635 0036 11        		.uleb128 0x11
 636 0037 01        		.uleb128 0x1
 637 0038 12        		.uleb128 0x12
 638 0039 01        		.uleb128 0x1
 639 003a 40        		.uleb128 0x40
 640 003b 0A        		.uleb128 0xa
 641 003c 01        		.uleb128 0x1
 642 003d 13        		.uleb128 0x13
 643 003e 00        		.byte	0x0
 644 003f 00        		.byte	0x0
 645 0040 05        		.uleb128 0x5
 646 0041 05        		.uleb128 0x5
 647 0042 00        		.byte	0x0
 648 0043 03        		.uleb128 0x3
 649 0044 0E        		.uleb128 0xe
 650 0045 3A        		.uleb128 0x3a
 651 0046 0B        		.uleb128 0xb
 652 0047 3B        		.uleb128 0x3b
 653 0048 0B        		.uleb128 0xb
 654 0049 49        		.uleb128 0x49
 655 004a 13        		.uleb128 0x13
 656 004b 02        		.uleb128 0x2
 657 004c 06        		.uleb128 0x6
 658 004d 00        		.byte	0x0
 659 004e 00        		.byte	0x0
 660 004f 06        		.uleb128 0x6
 661 0050 34        		.uleb128 0x34
 662 0051 00        		.byte	0x0
 663 0052 03        		.uleb128 0x3
 664 0053 0E        		.uleb128 0xe
 665 0054 3A        		.uleb128 0x3a
 666 0055 0B        		.uleb128 0xb
 667 0056 3B        		.uleb128 0x3b
 668 0057 0B        		.uleb128 0xb
 669 0058 49        		.uleb128 0x49
 670 0059 13        		.uleb128 0x13
 671 005a 00        		.byte	0x0
 672 005b 00        		.byte	0x0
 673 005c 07        		.uleb128 0x7
 674 005d 34        		.uleb128 0x34
 675 005e 00        		.byte	0x0
 676 005f 03        		.uleb128 0x3
 677 0060 0E        		.uleb128 0xe
 678 0061 3A        		.uleb128 0x3a
 679 0062 0B        		.uleb128 0xb
 680 0063 3B        		.uleb128 0x3b
 681 0064 0B        		.uleb128 0xb
 682 0065 49        		.uleb128 0x49
 683 0066 13        		.uleb128 0x13
 684 0067 02        		.uleb128 0x2
GAS LISTING C:\Users\OSZKR~1\AppData\Local\Temp/ccokWgt6.s 			page 13


 685 0068 06        		.uleb128 0x6
 686 0069 00        		.byte	0x0
 687 006a 00        		.byte	0x0
 688 006b 08        		.uleb128 0x8
 689 006c 0B        		.uleb128 0xb
 690 006d 01        		.byte	0x1
 691 006e 11        		.uleb128 0x11
 692 006f 01        		.uleb128 0x1
 693 0070 12        		.uleb128 0x12
 694 0071 01        		.uleb128 0x1
 695 0072 00        		.byte	0x0
 696 0073 00        		.byte	0x0
 697 0074 09        		.uleb128 0x9
 698 0075 34        		.uleb128 0x34
 699 0076 00        		.byte	0x0
 700 0077 03        		.uleb128 0x3
 701 0078 08        		.uleb128 0x8
 702 0079 3A        		.uleb128 0x3a
 703 007a 0B        		.uleb128 0xb
 704 007b 3B        		.uleb128 0x3b
 705 007c 0B        		.uleb128 0xb
 706 007d 49        		.uleb128 0x49
 707 007e 13        		.uleb128 0x13
 708 007f 02        		.uleb128 0x2
 709 0080 06        		.uleb128 0x6
 710 0081 00        		.byte	0x0
 711 0082 00        		.byte	0x0
 712 0083 0A        		.uleb128 0xa
 713 0084 2E        		.uleb128 0x2e
 714 0085 01        		.byte	0x1
 715 0086 3F        		.uleb128 0x3f
 716 0087 0C        		.uleb128 0xc
 717 0088 03        		.uleb128 0x3
 718 0089 0E        		.uleb128 0xe
 719 008a 3A        		.uleb128 0x3a
 720 008b 0B        		.uleb128 0xb
 721 008c 3B        		.uleb128 0x3b
 722 008d 0B        		.uleb128 0xb
 723 008e 27        		.uleb128 0x27
 724 008f 0C        		.uleb128 0xc
 725 0090 49        		.uleb128 0x49
 726 0091 13        		.uleb128 0x13
 727 0092 11        		.uleb128 0x11
 728 0093 01        		.uleb128 0x1
 729 0094 12        		.uleb128 0x12
 730 0095 01        		.uleb128 0x1
 731 0096 40        		.uleb128 0x40
 732 0097 0A        		.uleb128 0xa
 733 0098 01        		.uleb128 0x1
 734 0099 13        		.uleb128 0x13
 735 009a 00        		.byte	0x0
 736 009b 00        		.byte	0x0
 737 009c 0B        		.uleb128 0xb
 738 009d 34        		.uleb128 0x34
 739 009e 00        		.byte	0x0
 740 009f 03        		.uleb128 0x3
 741 00a0 0E        		.uleb128 0xe
GAS LISTING C:\Users\OSZKR~1\AppData\Local\Temp/ccokWgt6.s 			page 14


 742 00a1 3A        		.uleb128 0x3a
 743 00a2 0B        		.uleb128 0xb
 744 00a3 3B        		.uleb128 0x3b
 745 00a4 0B        		.uleb128 0xb
 746 00a5 49        		.uleb128 0x49
 747 00a6 13        		.uleb128 0x13
 748 00a7 02        		.uleb128 0x2
 749 00a8 0A        		.uleb128 0xa
 750 00a9 00        		.byte	0x0
 751 00aa 00        		.byte	0x0
 752 00ab 0C        		.uleb128 0xc
 753 00ac 01        		.uleb128 0x1
 754 00ad 01        		.byte	0x1
 755 00ae 49        		.uleb128 0x49
 756 00af 13        		.uleb128 0x13
 757 00b0 01        		.uleb128 0x1
 758 00b1 13        		.uleb128 0x13
 759 00b2 00        		.byte	0x0
 760 00b3 00        		.byte	0x0
 761 00b4 0D        		.uleb128 0xd
 762 00b5 21        		.uleb128 0x21
 763 00b6 00        		.byte	0x0
 764 00b7 49        		.uleb128 0x49
 765 00b8 13        		.uleb128 0x13
 766 00b9 2F        		.uleb128 0x2f
 767 00ba 0B        		.uleb128 0xb
 768 00bb 00        		.byte	0x0
 769 00bc 00        		.byte	0x0
 770 00bd 0E        		.uleb128 0xe
 771 00be 24        		.uleb128 0x24
 772 00bf 00        		.byte	0x0
 773 00c0 0B        		.uleb128 0xb
 774 00c1 0B        		.uleb128 0xb
 775 00c2 3E        		.uleb128 0x3e
 776 00c3 0B        		.uleb128 0xb
 777 00c4 00        		.byte	0x0
 778 00c5 00        		.byte	0x0
 779 00c6 0F        		.uleb128 0xf
 780 00c7 01        		.uleb128 0x1
 781 00c8 01        		.byte	0x1
 782 00c9 49        		.uleb128 0x49
 783 00ca 13        		.uleb128 0x13
 784 00cb 00        		.byte	0x0
 785 00cc 00        		.byte	0x0
 786 00cd 00        		.byte	0x0
 787               		.section	.debug_pubnames,"",@progbits
 788 0000 2900 0000 		.long	0x29
 789 0004 0200      		.word	0x2
 790 0006 0000 0000 		.long	.Ldebug_info0
 791 000a 4C01 0000 		.long	0x14c
 792 000e 5D00 0000 		.long	0x5d
 793 0012 736C 6565 		.string	"sleep_seconds"
 793      705F 7365 
 793      636F 6E64 
 793      7300 
 794 0020 C800 0000 		.long	0xc8
 795 0024 6D61 696E 		.string	"main"
GAS LISTING C:\Users\OSZKR~1\AppData\Local\Temp/ccokWgt6.s 			page 15


 795      00
 796 0029 0000 0000 		.long	0x0
 797               		.section	.debug_aranges,"",@progbits
 798 0000 1C00 0000 		.long	0x1c
 799 0004 0200      		.word	0x2
 800 0006 0000 0000 		.long	.Ldebug_info0
 801 000a 04        		.byte	0x4
 802 000b 00        		.byte	0x0
 803 000c 0000      		.word	0x0
 804 000e 0000      		.word	0x0
 805 0010 0000 0000 		.long	.Ltext0
 806 0014 5C01 0000 		.long	.Letext0-.Ltext0
 807 0018 0000 0000 		.long	0x0
 808 001c 0000 0000 		.long	0x0
 809               		.section	.debug_line
 810 0000 EF00 0000 		.long	.LELT0-.LSLT0
 811               	.LSLT0:
 812 0004 0200      		.word	0x2
 813 0006 1F00 0000 		.long	.LELTP0-.LASLTP0
 814               	.LASLTP0:
 815 000a 01        		.byte	0x1
 816 000b 01        		.byte	0x1
 817 000c F6        		.byte	0xf6
 818 000d F5        		.byte	0xf5
 819 000e 0A        		.byte	0xa
 820 000f 00        		.byte	0x0
 821 0010 01        		.byte	0x1
 822 0011 01        		.byte	0x1
 823 0012 01        		.byte	0x1
 824 0013 01        		.byte	0x1
 825 0014 00        		.byte	0x0
 826 0015 00        		.byte	0x0
 827 0016 00        		.byte	0x0
 828 0017 01        		.byte	0x1
 829 0018 00        		.byte	0x0
 830 0019 6C65 645F 		.string	"led_disco.c"
 830      6469 7363 
 830      6F2E 6300 
 831 0025 00        		.uleb128 0x0
 832 0026 00        		.uleb128 0x0
 833 0027 00        		.uleb128 0x0
 834 0028 00        		.byte	0x0
 835               	.LELTP0:
 836 0029 00        		.byte	0x0
 837 002a 05        		.uleb128 0x5
 838 002b 02        		.byte	0x2
 839 002c 0000 0000 		.long	.LM1
 840 0030 1E        		.byte	0x1e
 841 0031 00        		.byte	0x0
 842 0032 05        		.uleb128 0x5
 843 0033 02        		.byte	0x2
 844 0034 0000 0000 		.long	.LM2
 845 0038 16        		.byte	0x16
 846 0039 00        		.byte	0x0
 847 003a 05        		.uleb128 0x5
 848 003b 02        		.byte	0x2
 849 003c 0000 0000 		.long	.LM3
GAS LISTING C:\Users\OSZKR~1\AppData\Local\Temp/ccokWgt6.s 			page 16


 850 0040 16        		.byte	0x16
 851 0041 00        		.byte	0x0
 852 0042 05        		.uleb128 0x5
 853 0043 02        		.byte	0x2
 854 0044 0000 0000 		.long	.LM4
 855 0048 19        		.byte	0x19
 856 0049 00        		.byte	0x0
 857 004a 05        		.uleb128 0x5
 858 004b 02        		.byte	0x2
 859 004c 0000 0000 		.long	.LM5
 860 0050 12        		.byte	0x12
 861 0051 00        		.byte	0x0
 862 0052 05        		.uleb128 0x5
 863 0053 02        		.byte	0x2
 864 0054 0000 0000 		.long	.LM6
 865 0058 19        		.byte	0x19
 866 0059 00        		.byte	0x0
 867 005a 05        		.uleb128 0x5
 868 005b 02        		.byte	0x2
 869 005c 0000 0000 		.long	.LM7
 870 0060 15        		.byte	0x15
 871 0061 00        		.byte	0x0
 872 0062 05        		.uleb128 0x5
 873 0063 02        		.byte	0x2
 874 0064 0000 0000 		.long	.LM8
 875 0068 15        		.byte	0x15
 876 0069 00        		.byte	0x0
 877 006a 05        		.uleb128 0x5
 878 006b 02        		.byte	0x2
 879 006c 0000 0000 		.long	.LM9
 880 0070 17        		.byte	0x17
 881 0071 00        		.byte	0x0
 882 0072 05        		.uleb128 0x5
 883 0073 02        		.byte	0x2
 884 0074 0000 0000 		.long	.LM10
 885 0078 15        		.byte	0x15
 886 0079 00        		.byte	0x0
 887 007a 05        		.uleb128 0x5
 888 007b 02        		.byte	0x2
 889 007c 0000 0000 		.long	.LM11
 890 0080 18        		.byte	0x18
 891 0081 00        		.byte	0x0
 892 0082 05        		.uleb128 0x5
 893 0083 02        		.byte	0x2
 894 0084 0000 0000 		.long	.LM12
 895 0088 15        		.byte	0x15
 896 0089 00        		.byte	0x0
 897 008a 05        		.uleb128 0x5
 898 008b 02        		.byte	0x2
 899 008c 0000 0000 		.long	.LM13
 900 0090 15        		.byte	0x15
 901 0091 00        		.byte	0x0
 902 0092 05        		.uleb128 0x5
 903 0093 02        		.byte	0x2
 904 0094 0000 0000 		.long	.LM14
 905 0098 15        		.byte	0x15
 906 0099 00        		.byte	0x0
GAS LISTING C:\Users\OSZKR~1\AppData\Local\Temp/ccokWgt6.s 			page 17


 907 009a 05        		.uleb128 0x5
 908 009b 02        		.byte	0x2
 909 009c 0000 0000 		.long	.LM15
 910 00a0 1A        		.byte	0x1a
 911 00a1 00        		.byte	0x0
 912 00a2 05        		.uleb128 0x5
 913 00a3 02        		.byte	0x2
 914 00a4 0000 0000 		.long	.LM16
 915 00a8 15        		.byte	0x15
 916 00a9 00        		.byte	0x0
 917 00aa 05        		.uleb128 0x5
 918 00ab 02        		.byte	0x2
 919 00ac 0000 0000 		.long	.LM17
 920 00b0 15        		.byte	0x15
 921 00b1 00        		.byte	0x0
 922 00b2 05        		.uleb128 0x5
 923 00b3 02        		.byte	0x2
 924 00b4 0000 0000 		.long	.LM18
 925 00b8 0C        		.byte	0xc
 926 00b9 00        		.byte	0x0
 927 00ba 05        		.uleb128 0x5
 928 00bb 02        		.byte	0x2
 929 00bc 0000 0000 		.long	.LM19
 930 00c0 1A        		.byte	0x1a
 931 00c1 00        		.byte	0x0
 932 00c2 05        		.uleb128 0x5
 933 00c3 02        		.byte	0x2
 934 00c4 0000 0000 		.long	.LM20
 935 00c8 15        		.byte	0x15
 936 00c9 00        		.byte	0x0
 937 00ca 05        		.uleb128 0x5
 938 00cb 02        		.byte	0x2
 939 00cc 0000 0000 		.long	.LM21
 940 00d0 15        		.byte	0x15
 941 00d1 00        		.byte	0x0
 942 00d2 05        		.uleb128 0x5
 943 00d3 02        		.byte	0x2
 944 00d4 0000 0000 		.long	.LM22
 945 00d8 17        		.byte	0x17
 946 00d9 00        		.byte	0x0
 947 00da 05        		.uleb128 0x5
 948 00db 02        		.byte	0x2
 949 00dc 0000 0000 		.long	.LM23
 950 00e0 17        		.byte	0x17
 951 00e1 00        		.byte	0x0
 952 00e2 05        		.uleb128 0x5
 953 00e3 02        		.byte	0x2
 954 00e4 0000 0000 		.long	.LM24
 955 00e8 15        		.byte	0x15
 956 00e9 00        		.byte	0x0
 957 00ea 05        		.uleb128 0x5
 958 00eb 02        		.byte	0x2
 959 00ec 0000 0000 		.long	.Letext0
 960 00f0 00        		.byte	0x0
 961 00f1 01        		.uleb128 0x1
 962 00f2 01        		.byte	0x1
 963               	.LELT0:
GAS LISTING C:\Users\OSZKR~1\AppData\Local\Temp/ccokWgt6.s 			page 18


 964 00f3 1600 0000 		.section	.debug_str,"MS",@progbits,1
 964      0200 1000 
 964      0000 0101 
 964      FB0E 0A00 
 964      0101 0101 
 965               	.LASF18:
 966 0000 443A 5C4F 		.string	"D:\\OneDrive\\Coding\\asuro\\01 - led disco"
 966      6E65 4472 
 966      6976 655C 
 966      436F 6469 
 966      6E67 5C61 
 967               	.LASF15:
 968 0028 6261 636B 		.string	"backrightpattern"
 968      7269 6768 
 968      7470 6174 
 968      7465 726E 
 968      00
 969               	.LASF14:
 970 0039 6261 636B 		.string	"backleftpattern"
 970      6C65 6674 
 970      7061 7474 
 970      6572 6E00 
 971               	.LASF19:
 972 0049 736C 6565 		.string	"sleep_seconds"
 972      705F 7365 
 972      636F 6E64 
 972      7300 
 973               	.LASF11:
 974 0057 636F 756E 		.string	"counter"
 974      7465 7200 
 975               	.LASF17:
 976 005f 6C65 645F 		.string	"led_disco.c"
 976      6469 7363 
 976      6F2E 6300 
 977               	.LASF1:
 978 006b 756E 7369 		.string	"unsigned char"
 978      676E 6564 
 978      2063 6861 
 978      7200 
 979               	.LASF4:
 980 0079 6C6F 6E67 		.string	"long unsigned int"
 980      2075 6E73 
 980      6967 6E65 
 980      6420 696E 
 980      7400 
 981               	.LASF16:
 982 008b 474E 5520 		.string	"GNU C 4.3.3"
 982      4320 342E 
 982      332E 3300 
 983               	.LASF10:
 984 0097 646F 7562 		.string	"double"
 984      6C65 00
 985               	.LASF21:
 986 009e 6D61 696E 		.string	"main"
 986      00
 987               	.LASF2:
 988 00a3 756E 7369 		.string	"unsigned int"
GAS LISTING C:\Users\OSZKR~1\AppData\Local\Temp/ccokWgt6.s 			page 19


 988      676E 6564 
 988      2069 6E74 
 988      00
 989               	.LASF6:
 990 00b0 6C6F 6E67 		.string	"long long unsigned int"
 990      206C 6F6E 
 990      6720 756E 
 990      7369 676E 
 990      6564 2069 
 991               	.LASF9:
 992 00c7 6974 6572 		.string	"iteration"
 992      6174 696F 
 992      6E00 
 993               	.LASF5:
 994 00d1 6C6F 6E67 		.string	"long long int"
 994      206C 6F6E 
 994      6720 696E 
 994      7400 
 995               	.LASF20:
 996 00df 7365 636F 		.string	"seconds"
 996      6E64 7300 
 997               	.LASF7:
 998 00e7 6379 636C 		.string	"cycles"
 998      6573 00
 999               	.LASF3:
 1000 00ee 6C6F 6E67 		.string	"long int"
 1000      2069 6E74 
 1000      00
 1001               	.LASF8:
 1002 00f7 7265 6D61 		.string	"remainder"
 1002      696E 6465 
 1002      7200 
 1003               	.LASF0:
 1004 0101 7369 676E 		.string	"signed char"
 1004      6564 2063 
 1004      6861 7200 
 1005               	.LASF12:
 1006 010d 7374 6174 		.string	"statuspattern"
 1006      7573 7061 
 1006      7474 6572 
 1006      6E00 
 1007               	.LASF13:
 1008 011b 6672 6F6E 		.string	"frontpattern"
 1008      7470 6174 
 1008      7465 726E 
 1008      00
 1009               	.global __do_copy_data
GAS LISTING C:\Users\OSZKR~1\AppData\Local\Temp/ccokWgt6.s 			page 20


DEFINED SYMBOLS
                            *ABS*:00000000 led_disco.c
C:\Users\OSZKR~1\AppData\Local\Temp/ccokWgt6.s:2      *ABS*:0000003f __SREG__
C:\Users\OSZKR~1\AppData\Local\Temp/ccokWgt6.s:3      *ABS*:0000003e __SP_H__
C:\Users\OSZKR~1\AppData\Local\Temp/ccokWgt6.s:4      *ABS*:0000003d __SP_L__
C:\Users\OSZKR~1\AppData\Local\Temp/ccokWgt6.s:5      *ABS*:00000034 __CCP__
C:\Users\OSZKR~1\AppData\Local\Temp/ccokWgt6.s:6      *ABS*:00000000 __tmp_reg__
C:\Users\OSZKR~1\AppData\Local\Temp/ccokWgt6.s:7      *ABS*:00000001 __zero_reg__
C:\Users\OSZKR~1\AppData\Local\Temp/ccokWgt6.s:18     .text:00000000 sleep_seconds
C:\Users\OSZKR~1\AppData\Local\Temp/ccokWgt6.s:115    .text:00000084 main
C:\Users\OSZKR~1\AppData\Local\Temp/ccokWgt6.s:264    .data:00000003 C.0.1366
C:\Users\OSZKR~1\AppData\Local\Temp/ccokWgt6.s:258    .data:00000000 C.1.1367

UNDEFINED SYMBOLS
__divsf3
__gtsf2
Sleep
__floatsisf
__lesf2
floor
__subsf3
__mulsf3
__fixunssfsi
Init
__divmodhi4
StatusLED
FrontLED
BackLED
__do_copy_data
